This file contains any messages produced by compilers while
running configure, to aid debugging if configure makes a mistake.

It was created by mpc configure 1.1.0-rc1, which was
generated by GNU Autoconf 2.69.  Invocation command line was

  $ ./configure 

## --------- ##
## Platform. ##
## --------- ##

hostname = team-nebula
uname -m = x86_64
uname -r = 4.12.14-xanmod15
uname -s = Linux
uname -v = #1 SMP PREEMPT Wed Sep 20 19:11:00 UTC 2017

/usr/bin/uname -p = unknown
/bin/uname -X     = unknown

/bin/arch              = unknown
/usr/bin/arch -k       = unknown
/usr/convex/getsysinfo = unknown
/usr/bin/hostinfo      = unknown
/bin/machine           = unknown
/usr/bin/oslevel       = unknown
/bin/universe          = unknown

PATH: /home/eliminater74/bin
PATH: /usr/lib/ccache
PATH: /usr/local/sbin
PATH: /usr/local/bin
PATH: /usr/sbin
PATH: /usr/bin
PATH: /sbin
PATH: /bin
PATH: /usr/games
PATH: /usr/local/games
PATH: /snap/bin
PATH: /usr/lib/jvm/java-8-oracle/bin
PATH: /usr/lib/jvm/java-8-oracle/db/bin
PATH: /usr/lib/jvm/java-8-oracle/jre/bin
PATH: /home/eliminater74/.local/bin
PATH: /home/eliminater74/Android/Sdk/
PATH: /home/eliminater74/Android/Sdk/tools/
PATH: /home/eliminater74/Android/Sdk/platform-tools/
PATH: /home/eliminater74/Android/Sdk/build-tools/25.0.2/
PATH: /home/eliminater74/Android/Sdk/ndk-bundle/
PATH: /home/eliminater74/Android/Sdk/tools/bin/
PATH: /home/eliminater74/Android/Sdk/lldb/2.3/bin/
PATH: /home/eliminater74/Android/Sdk/cmake/3.6.3155560/bin/
PATH: /home/eliminater74/Android/Sdk/ndk-bundle/toolchains/llvm/prebuilt/linux-x86_64/bin/
PATH: /home/eliminater74/bin/cloneorg/bin
PATH: /home/eliminater74/Android/depot_tools


## ----------- ##
## Core tests. ##
## ----------- ##

configure:2220: error: cannot find install-sh, install.sh, or shtool in "." "./.." "./../.."

## ---------------- ##
## Cache variables. ##
## ---------------- ##

ac_cv_env_CC_set=
ac_cv_env_CC_value=
ac_cv_env_CFLAGS_set=
ac_cv_env_CFLAGS_value=
ac_cv_env_CPPFLAGS_set=
ac_cv_env_CPPFLAGS_value=
ac_cv_env_CPP_set=
ac_cv_env_CPP_value=
ac_cv_env_LDFLAGS_set=
ac_cv_env_LDFLAGS_value=
ac_cv_env_LIBS_set=
ac_cv_env_LIBS_value=
ac_cv_env_build_alias_set=
ac_cv_env_build_alias_value=
ac_cv_env_host_alias_set=
ac_cv_env_host_alias_value=
ac_cv_env_target_alias_set=
ac_cv_env_target_alias_value=

## ----------------- ##
## Output variables. ##
## ----------------- ##

CC=''
CFLAGS=''
CPP=''
CPPFLAGS=''
DEFS=''
ECHO_C=''
ECHO_N='-n'
ECHO_T=''
EGREP=''
EXEEXT=''
GREP=''
LDFLAGS=''
LIBOBJS=''
LIBS=''
LTLIBOBJS=''
MPC_LDFLAGS=''
MPC_LOG_H=''
OBJEXT=''
PACKAGE_BUGREPORT='mpc-discuss@lists.gforge.inria.fr'
PACKAGE_NAME='mpc'
PACKAGE_STRING='mpc 1.1.0-rc1'
PACKAGE_TARNAME='mpc'
PACKAGE_URL=''
PACKAGE_VERSION='1.1.0-rc1'
PATH_SEPARATOR=':'
SED=''
SHELL='/bin/bash'
ac_ct_CC=''
bindir='${exec_prefix}/bin'
build=''
build_alias=''
build_cpu=''
build_os=''
build_vendor=''
datadir='${datarootdir}'
datarootdir='${prefix}/share'
docdir='${datarootdir}/doc/${PACKAGE_TARNAME}'
dvidir='${docdir}'
exec_prefix='NONE'
host=''
host_alias=''
host_cpu=''
host_os=''
host_vendor=''
htmldir='${docdir}'
includedir='${prefix}/include'
infodir='${datarootdir}/info'
libdir='${exec_prefix}/lib'
libexecdir='${exec_prefix}/libexec'
localedir='${datarootdir}/locale'
localstatedir='${prefix}/var'
mandir='${datarootdir}/man'
oldincludedir='/usr/include'
pdfdir='${docdir}'
prefix='NONE'
program_transform_name='s,x,x,'
psdir='${docdir}'
runstatedir='${localstatedir}/run'
sbindir='${exec_prefix}/sbin'
sharedstatedir='${prefix}/com'
sysconfdir='${prefix}/etc'
target_alias=''

## ----------- ##
## confdefs.h. ##
## ----------- ##

/* confdefs.h */
#define PACKAGE_NAME "mpc"
#define PACKAGE_TARNAME "mpc"
#define PACKAGE_VERSION "1.1.0-rc1"
#define PACKAGE_STRING "mpc 1.1.0-rc1"
#define PACKAGE_BUGREPORT "mpc-discuss@lists.gforge.inria.fr"
#define PACKAGE_URL ""

configure: exit 1
